d:\computer graphics\video segmentation\code\jumpcut-release\jumpcut-release\debug\vc120.pdb
d:\computer graphics\video segmentation\code\jumpcut-release\jumpcut-release\debug\vc120.idb
d:\computer graphics\video segmentation\code\jumpcut-release\jumpcut-release\debug\main.obj
d:\computer graphics\video segmentation\code\jumpcut-release\jumpcut-release\debug\videocutout.obj
d:\computer graphics\video segmentation\code\jumpcut-release\jumpcut-release\debug\imgwarp_mls.obj
d:\computer graphics\video segmentation\code\jumpcut-release\jumpcut-release\debug\imgwarp_mls_rigid.obj
d:\computer graphics\video segmentation\code\jumpcut-release\jumpcut-release\debug\imgwarp_mls_similarity.obj
d:\computer graphics\video segmentation\code\jumpcut-release\jumpcut-release\debug\delaunay.obj
d:\computer graphics\video segmentation\code\jumpcut-release\jumpcut-release\debug\imgwarp_piecewiseaffine.obj
d:\computer graphics\video segmentation\code\jumpcut-release\jumpcut-release\debug\cuda.obj
d:\computer graphics\video segmentation\code\jumpcut-release\jumpcut-release\debug\bitmap3.obj
d:\computer graphics\video segmentation\code\jumpcut-release\debug\jumpcut-release.ilk
d:\computer graphics\video segmentation\code\jumpcut-release\debug\jumpcut-release.exe
d:\computer graphics\video segmentation\code\jumpcut-release\debug\jumpcut-release.pdb
d:\computer graphics\video segmentation\code\jumpcut-release\jumpcut-release\debug\cuda.cu.cache
d:\computer graphics\video segmentation\code\jumpcut-release\jumpcut-release\debug\cuda.cu.obj
d:\computer graphics\video segmentation\code\jumpcut-release\jumpcut-release\debug\jumpcut-release.tlog\cl.command.1.tlog
d:\computer graphics\video segmentation\code\jumpcut-release\jumpcut-release\debug\jumpcut-release.tlog\cl.read.1.tlog
d:\computer graphics\video segmentation\code\jumpcut-release\jumpcut-release\debug\jumpcut-release.tlog\cl.write.1.tlog
d:\computer graphics\video segmentation\code\jumpcut-release\jumpcut-release\debug\jumpcut-release.tlog\link.command.1.tlog
d:\computer graphics\video segmentation\code\jumpcut-release\jumpcut-release\debug\jumpcut-release.tlog\link.read.1.tlog
d:\computer graphics\video segmentation\code\jumpcut-release\jumpcut-release\debug\jumpcut-release.tlog\link.write.1.tlog
